0 verbose cli D:\study\实训\nodejs\node.exe D:\study\实训\nodejs\node_modules\npm\bin\npm-cli.js
1 info using npm@10.8.2
2 info using node@v20.19.0
3 silly config load:file:D:\study\ʵѵ\nvm\v20.19.0\node_modules\npm\npmrc
4 silly config load:file:D:\study\毕设\val2\together\fronted\.npmrc
5 silly config load:file:C:\Users\HD\.npmrc
6 silly config load:file:D:\study\实训\node\node v22.14.0\node_global\etc\npmrc
7 verbose title npm install
8 verbose argv "install" "--cache" ".npm-cache"
9 verbose logfile logs-max:10 dir:D:\study\毕设\val2\together\fronted\.npm-cache\_logs\2026-03-25T14_53_15_863Z-
10 verbose logfile D:\study\毕设\val2\together\fronted\.npm-cache\_logs\2026-03-25T14_53_15_863Z-debug-0.log
11 silly packumentCache heap:2197815296 maxSize:549453824 maxEntrySize:274726912
12 silly logfile done cleaning log files
13 silly idealTree buildDeps
14 silly fetch manifest @stomp/stompjs@^7.2.0
15 silly packumentCache full:https://registry.npmmirror.com/@stomp%2fstompjs cache-miss
16 http fetch GET 200 https://registry.npmmirror.com/npm 728ms
17 http fetch GET 200 https://registry.npmmirror.com/@stomp%2fstompjs 350ms (cache miss)
18 silly packumentCache full:https://registry.npmmirror.com/@stomp%2fstompjs set size:27179 disposed:false
19 silly fetch manifest axios@^1.12.2
20 silly packumentCache full:https://registry.npmmirror.com/axios cache-miss
21 http fetch GET 200 https://registry.npmmirror.com/axios 58ms (cache miss)
22 silly packumentCache full:https://registry.npmmirror.com/axios set size:120272 disposed:false
23 silly fetch manifest pinia@^3.0.3
24 silly packumentCache full:https://registry.npmmirror.com/pinia cache-miss
25 http fetch GET 200 https://registry.npmmirror.com/pinia 97ms (cache miss)
26 silly packumentCache full:https://registry.npmmirror.com/pinia set size:75692 disposed:false
27 silly fetch manifest typescript@>=4.5.0
28 silly packumentCache full:https://registry.npmmirror.com/typescript cache-miss
29 http fetch GET 200 https://registry.npmmirror.com/typescript 236ms (cache miss)
30 silly packumentCache full:https://registry.npmmirror.com/typescript set size:1684405 disposed:false
31 silly fetch manifest vue@^3.2.13
32 silly packumentCache full:https://registry.npmmirror.com/vue cache-miss
33 http fetch GET 200 https://registry.npmmirror.com/vue 137ms (cache miss)
34 silly packumentCache full:https://registry.npmmirror.com/vue set size:369916 disposed:false
35 silly fetch manifest sockjs-client@^1.6.1
36 silly packumentCache full:https://registry.npmmirror.com/sockjs-client cache-miss
37 http fetch GET 200 https://registry.npmmirror.com/sockjs-client 57ms (cache miss)
38 silly packumentCache full:https://registry.npmmirror.com/sockjs-client set size:20496 disposed:false
39 silly fetch manifest vue-router@^4.5.1
40 silly packumentCache full:https://registry.npmmirror.com/vue-router cache-miss
41 http fetch GET 200 https://registry.npmmirror.com/vue-router 56ms (cache miss)
42 silly packumentCache full:https://registry.npmmirror.com/vue-router set size:127436 disposed:false
43 silly fetch manifest typescript@*
44 silly packumentCache full:https://registry.npmmirror.com/typescript cache-miss
45 http fetch GET 200 https://registry.npmmirror.com/typescript 41ms (cache hit)
46 silly packumentCache full:https://registry.npmmirror.com/typescript set size:14644626 disposed:false
47 silly placeDep ROOT @stomp/stompjs@7.3.0 OK for: fronted@0.1.0 want: ^7.2.0
48 silly placeDep ROOT axios@1.13.6 OK for: fronted@0.1.0 want: ^1.12.2
49 silly placeDep ROOT pinia@3.0.4 OK for: fronted@0.1.0 want: ^3.0.3
50 silly placeDep ROOT sockjs-client@1.6.1 OK for: fronted@0.1.0 want: ^1.6.1
51 silly placeDep ROOT vue-router@4.6.4 OK for: fronted@0.1.0 want: ^4.5.1
52 silly fetch manifest form-data@^4.0.5
53 silly packumentCache full:https://registry.npmmirror.com/form-data cache-miss
54 silly fetch manifest proxy-from-env@^1.1.0
55 silly packumentCache full:https://registry.npmmirror.com/proxy-from-env cache-miss
56 silly fetch manifest @vue/devtools-api@^7.7.7
57 silly packumentCache full:https://registry.npmmirror.com/@vue%2fdevtools-api cache-miss
58 silly fetch manifest debug@^3.2.7
59 silly packumentCache full:https://registry.npmmirror.com/debug cache-miss
60 silly fetch manifest eventsource@^2.0.2
61 silly packumentCache full:https://registry.npmmirror.com/eventsource cache-miss
62 silly fetch manifest url-parse@^1.5.10
63 silly packumentCache full:https://registry.npmmirror.com/url-parse cache-miss
64 silly fetch manifest @vue/devtools-api@^6.6.4
65 silly packumentCache full:https://registry.npmmirror.com/@vue%2fdevtools-api cache-miss
66 http fetch GET 200 https://registry.npmmirror.com/form-data 51ms (cache miss)
67 silly packumentCache full:https://registry.npmmirror.com/form-data set size:25145 disposed:false
68 http fetch GET 200 https://registry.npmmirror.com/proxy-from-env 90ms (cache miss)
69 silly packumentCache full:https://registry.npmmirror.com/proxy-from-env set size:6518 disposed:false
70 http fetch GET 200 https://registry.npmmirror.com/eventsource 138ms (cache miss)
71 silly packumentCache full:https://registry.npmmirror.com/eventsource set size:24082 disposed:false
72 http fetch GET 200 https://registry.npmmirror.com/@vue%2fdevtools-api 165ms (cache miss)
73 silly packumentCache full:https://registry.npmmirror.com/@vue%2fdevtools-api set size:69923 disposed:false
74 http fetch GET 200 https://registry.npmmirror.com/@vue%2fdevtools-api 181ms (cache miss)
75 silly packumentCache full:https://registry.npmmirror.com/@vue%2fdevtools-api set size:69923 disposed:false
76 silly packumentCache full:https://registry.npmmirror.com/@vue%2fdevtools-api dispose
77 http fetch GET 200 https://registry.npmmirror.com/debug 192ms (cache miss)
78 silly packumentCache full:https://registry.npmmirror.com/debug set size:32036 disposed:false
79 http fetch GET 200 https://registry.npmmirror.com/url-parse 202ms (cache miss)
80 silly packumentCache full:https://registry.npmmirror.com/url-parse set size:23632 disposed:false
81 silly placeDep ROOT form-data@4.0.5 OK for: axios@1.13.6 want: ^4.0.5
82 silly placeDep ROOT proxy-from-env@1.1.0 OK for: axios@1.13.6 want: ^1.1.0
83 silly fetch manifest asynckit@^0.4.0
84 silly packumentCache full:https://registry.npmmirror.com/asynckit cache-miss
85 silly fetch manifest combined-stream@^1.0.8
86 silly packumentCache full:https://registry.npmmirror.com/combined-stream cache-miss
87 silly fetch manifest es-set-tostringtag@^2.1.0
88 silly packumentCache full:https://registry.npmmirror.com/es-set-tostringtag cache-miss
89 http fetch GET 200 https://registry.npmmirror.com/combined-stream 53ms (cache miss)
90 silly packumentCache full:https://registry.npmmirror.com/combined-stream set size:7154 disposed:false
91 http fetch GET 200 https://registry.npmmirror.com/es-set-tostringtag 58ms (cache miss)
92 silly packumentCache full:https://registry.npmmirror.com/es-set-tostringtag set size:6558 disposed:false
93 http fetch GET 200 https://registry.npmmirror.com/asynckit 68ms (cache miss)
94 silly packumentCache full:https://registry.npmmirror.com/asynckit set size:4942 disposed:false
95 silly placeDep ROOT asynckit@0.4.0 OK for: form-data@4.0.5 want: ^0.4.0
96 silly placeDep ROOT combined-stream@1.0.8 OK for: form-data@4.0.5 want: ^1.0.8
97 silly placeDep ROOT es-set-tostringtag@2.1.0 OK for: form-data@4.0.5 want: ^2.1.0
98 silly fetch manifest delayed-stream@~1.0.0
99 silly packumentCache full:https://registry.npmmirror.com/delayed-stream cache-miss
100 silly fetch manifest has-tostringtag@^1.0.2
101 silly packumentCache full:https://registry.npmmirror.com/has-tostringtag cache-miss
102 http fetch GET 200 https://registry.npmmirror.com/delayed-stream 37ms (cache miss)
103 silly packumentCache full:https://registry.npmmirror.com/delayed-stream set size:4333 disposed:false
104 http fetch GET 200 https://registry.npmmirror.com/has-tostringtag 37ms (cache miss)
105 silly packumentCache full:https://registry.npmmirror.com/has-tostringtag set size:3448 disposed:false
106 silly placeDep ROOT delayed-stream@1.0.0 OK for: combined-stream@1.0.8 want: ~1.0.0
107 silly placeDep ROOT has-tostringtag@1.0.2 OK for: es-set-tostringtag@2.1.0 want: ^1.0.2
108 silly placeDep ROOT @vue/devtools-api@7.7.9 OK for: pinia@3.0.4 want: ^7.7.7
109 silly fetch manifest @vue/devtools-kit@^7.7.9
110 silly packumentCache full:https://registry.npmmirror.com/@vue%2fdevtools-kit cache-miss
111 http fetch GET 200 https://registry.npmmirror.com/@vue%2fdevtools-kit 115ms (cache miss)
112 silly packumentCache full:https://registry.npmmirror.com/@vue%2fdevtools-kit set size:34310 disposed:false
113 silly placeDep ROOT @vue/devtools-kit@7.7.9 OK for: @vue/devtools-api@7.7.9 want: ^7.7.9
114 silly fetch manifest birpc@^2.3.0
115 silly packumentCache full:https://registry.npmmirror.com/birpc cache-miss
116 silly fetch manifest hookable@^5.5.3
117 silly packumentCache full:https://registry.npmmirror.com/hookable cache-miss
118 silly fetch manifest mitt@^3.0.1
119 silly packumentCache full:https://registry.npmmirror.com/mitt cache-miss
120 silly fetch manifest perfect-debounce@^1.0.0
121 silly packumentCache full:https://registry.npmmirror.com/perfect-debounce cache-miss
122 silly fetch manifest speakingurl@^14.0.1
123 silly packumentCache full:https://registry.npmmirror.com/speakingurl cache-miss
124 silly fetch manifest superjson@^2.2.2
125 silly packumentCache full:https://registry.npmmirror.com/superjson cache-miss
126 silly fetch manifest @vue/devtools-shared@^7.7.9
127 silly packumentCache full:https://registry.npmmirror.com/@vue%2fdevtools-shared cache-miss
128 http fetch GET 200 https://registry.npmmirror.com/birpc 77ms (cache miss)
129 silly packumentCache full:https://registry.npmmirror.com/birpc set size:27693 disposed:false
130 http fetch GET 200 https://registry.npmmirror.com/mitt 79ms (cache miss)
131 silly packumentCache full:https://registry.npmmirror.com/mitt set size:9925 disposed:false
132 http fetch GET 200 https://registry.npmmirror.com/hookable 81ms (cache miss)
133 silly packumentCache full:https://registry.npmmirror.com/hookable set size:27276 disposed:false
134 http fetch GET 200 https://registry.npmmirror.com/perfect-debounce 84ms (cache miss)
135 silly packumentCache full:https://registry.npmmirror.com/perfect-debounce set size:9774 disposed:false
136 http fetch GET 200 https://registry.npmmirror.com/speakingurl 119ms (cache miss)
137 silly packumentCache full:https://registry.npmmirror.com/speakingurl set size:26572 disposed:false
138 http fetch GET 200 https://registry.npmmirror.com/superjson 124ms (cache miss)
139 silly packumentCache full:https://registry.npmmirror.com/superjson set size:36840 disposed:false
140 http fetch GET 200 https://registry.npmmirror.com/@vue%2fdevtools-shared 129ms (cache miss)
141 silly packumentCache full:https://registry.npmmirror.com/@vue%2fdevtools-shared set size:33106 disposed:false
142 silly placeDep ROOT @vue/devtools-shared@7.7.9 OK for: @vue/devtools-kit@7.7.9 want: ^7.7.9
143 silly placeDep ROOT birpc@2.9.0 OK for: @vue/devtools-kit@7.7.9 want: ^2.3.0
144 silly placeDep ROOT hookable@5.5.3 OK for: @vue/devtools-kit@7.7.9 want: ^5.5.3
145 silly placeDep ROOT mitt@3.0.1 OK for: @vue/devtools-kit@7.7.9 want: ^3.0.1
146 silly placeDep ROOT perfect-debounce@1.0.0 OK for: @vue/devtools-kit@7.7.9 want: ^1.0.0
147 silly placeDep ROOT speakingurl@14.0.1 OK for: @vue/devtools-kit@7.7.9 want: ^14.0.1
148 silly placeDep ROOT superjson@2.2.6 OK for: @vue/devtools-kit@7.7.9 want: ^2.2.2
149 silly fetch manifest rfdc@^1.4.1
150 silly packumentCache full:https://registry.npmmirror.com/rfdc cache-miss
151 silly fetch manifest copy-anything@^4
152 silly packumentCache full:https://registry.npmmirror.com/copy-anything cache-miss
153 http fetch GET 200 https://registry.npmmirror.com/rfdc 54ms (cache miss)
154 silly packumentCache full:https://registry.npmmirror.com/rfdc set size:7941 disposed:false
155 http fetch GET 200 https://registry.npmmirror.com/copy-anything 140ms (cache miss)
156 silly packumentCache full:https://registry.npmmirror.com/copy-anything set size:19743 disposed:false
157 silly placeDep ROOT rfdc@1.4.1 OK for: @vue/devtools-shared@7.7.9 want: ^1.4.1
158 silly placeDep node_modules/sockjs-client debug@3.2.7 OK for: sockjs-client@1.6.1 want: ^3.2.7
159 silly placeDep ROOT eventsource@2.0.2 OK for: sockjs-client@1.6.1 want: ^2.0.2
160 silly placeDep ROOT url-parse@1.5.10 OK for: sockjs-client@1.6.1 want: ^1.5.10
161 silly fetch manifest querystringify@^2.1.1
162 silly packumentCache full:https://registry.npmmirror.com/querystringify cache-miss
163 http fetch GET 200 https://registry.npmmirror.com/querystringify 110ms (cache miss)
164 silly packumentCache full:https://registry.npmmirror.com/querystringify set size:4736 disposed:false
165 silly placeDep ROOT copy-anything@4.0.5 OK for: superjson@2.2.6 want: ^4
166 silly fetch manifest is-what@^5.2.0
167 silly packumentCache full:https://registry.npmmirror.com/is-what cache-miss
168 http fetch GET 200 https://registry.npmmirror.com/is-what 105ms (cache miss)
169 silly packumentCache full:https://registry.npmmirror.com/is-what set size:39312 disposed:false
170 silly placeDep ROOT is-what@5.5.0 OK for: copy-anything@4.0.5 want: ^5.2.0
171 silly placeDep ROOT querystringify@2.2.0 OK for: url-parse@1.5.10 want: ^2.1.1
172 silly placeDep node_modules/vue-router @vue/devtools-api@6.6.4 OK for: vue-router@4.6.4 want: ^6.6.4
173 silly reify moves {}
174 silly audit bulk request {
174 silly audit   '@achrinza/node-ipc': [ '9.2.10' ],
174 silly audit   '@babel/code-frame': [ '7.29.0', '7.12.11' ],
174 silly audit   '@babel/compat-data': [ '7.29.0' ],
174 silly audit   '@babel/core': [ '7.29.0' ],
174 silly audit   '@babel/eslint-parser': [ '7.28.6' ],
174 silly audit   '@babel/generator': [ '7.29.1' ],
174 silly audit   '@babel/helper-annotate-as-pure': [ '7.27.3' ],
174 silly audit   '@babel/helper-compilation-targets': [ '7.28.6' ],
174 silly audit   '@babel/helper-create-class-features-plugin': [ '7.28.6' ],
174 silly audit   '@babel/helper-create-regexp-features-plugin': [ '7.28.5' ],
174 silly audit   '@babel/helper-define-polyfill-provider': [ '0.6.8' ],
174 silly audit   '@babel/helper-globals': [ '7.28.0' ],
174 silly audit   '@babel/helper-member-expression-to-functions': [ '7.28.5' ],
174 silly audit   '@babel/helper-module-imports': [ '7.28.6' ],
174 silly audit   '@babel/helper-module-transforms': [ '7.28.6' ],
174 silly audit   '@babel/helper-optimise-call-expression': [ '7.27.1' ],
174 silly audit   '@babel/helper-plugin-utils': [ '7.28.6' ],
174 silly audit   '@babel/helper-remap-async-to-generator': [ '7.27.1' ],
174 silly audit   '@babel/helper-replace-supers': [ '7.28.6' ],
174 silly audit   '@babel/helper-skip-transparent-expression-wrappers': [ '7.27.1' ],
174 silly audit   '@babel/helper-string-parser': [ '7.27.1' ],
174 silly audit   '@babel/helper-validator-identifier': [ '7.28.5' ],
174 silly audit   '@babel/helper-validator-option': [ '7.27.1' ],
174 silly audit   '@babel/helper-wrap-function': [ '7.28.6' ],
174 silly audit   '@babel/helpers': [ '7.29.2' ],
174 silly audit   '@babel/highlight': [ '7.25.9' ],
174 silly audit   'ansi-styles': [ '3.2.1', '4.3.0' ],
174 silly audit   chalk: [ '2.4.2', '4.1.2', '3.0.0' ],
174 silly audit   'color-convert': [ '1.9.3', '2.0.1' ],
174 silly audit   'color-name': [ '1.1.3', '1.1.4' ],
174 silly audit   'has-flag': [ '3.0.0', '4.0.0' ],
174 silly audit   'supports-color': [ '5.5.0', '8.1.1', '7.2.0' ],
174 silly audit   '@babel/parser': [ '7.29.2' ],
174 silly audit   '@babel/plugin-bugfix-firefox-class-in-computed-class-key': [ '7.28.5' ],
174 silly audit   '@babel/plugin-bugfix-safari-class-field-initializer-scope': [ '7.27.1' ],
174 silly audit   '@babel/plugin-bugfix-safari-id-destructuring-collision-in-function-expression': [ '7.27.1' ],
174 silly audit   '@babel/plugin-bugfix-v8-spread-parameters-in-optional-chaining': [ '7.27.1' ],
174 silly audit   '@babel/plugin-bugfix-v8-static-class-fields-redefine-readonly': [ '7.28.6' ],
174 silly audit   '@babel/plugin-proposal-class-properties': [ '7.18.6' ],
174 silly audit   '@babel/plugin-proposal-decorators': [ '7.29.0' ],
174 silly audit   '@babel/plugin-proposal-private-property-in-object': [ '7.21.0-placeholder-for-preset-env.2' ],
174 silly audit   '@babel/plugin-syntax-decorators': [ '7.28.6' ],
174 silly audit   '@babel/plugin-syntax-dynamic-import': [ '7.8.3' ],
174 silly audit   '@babel/plugin-syntax-import-assertions': [ '7.28.6' ],
174 silly audit   '@babel/plugin-syntax-import-attributes': [ '7.28.6' ],
174 silly audit   '@babel/plugin-syntax-jsx': [ '7.28.6' ],
174 silly audit   '@babel/plugin-syntax-unicode-sets-regex': [ '7.18.6' ],
174 silly audit   '@babel/plugin-transform-arrow-functions': [ '7.27.1' ],
174 silly audit   '@babel/plugin-transform-async-generator-functions': [ '7.29.0' ],
174 silly audit   '@babel/plugin-transform-async-to-generator': [ '7.28.6' ],
174 silly audit   '@babel/plugin-transform-block-scoped-functions': [ '7.27.1' ],
174 silly audit   '@babel/plugin-transform-block-scoping': [ '7.28.6' ],
174 silly audit   '@babel/plugin-transform-class-properties': [ '7.28.6' ],
174 silly audit   '@babel/plugin-transform-class-static-block': [ '7.28.6' ],
174 silly audit   '@babel/plugin-transform-classes': [ '7.28.6' ],
174 silly audit   '@babel/plugin-transform-computed-properties': [ '7.28.6' ],
174 silly audit   '@babel/plugin-transform-destructuring': [ '7.28.5' ],
174 silly audit   '@babel/plugin-transform-dotall-regex': [ '7.28.6' ],
174 silly audit   '@babel/plugin-transform-duplicate-keys': [ '7.27.1' ],
174 silly audit   '@babel/plugin-transform-duplicate-named-capturing-groups-regex': [ '7.29.0' ],
174 silly audit   '@babel/plugin-transform-dynamic-import': [ '7.27.1' ],
174 silly audit   '@babel/plugin-transform-explicit-resource-management': [ '7.28.6' ],
174 silly audit   '@babel/plugin-transform-exponentiation-operator': [ '7.28.6' ],
174 silly audit   '@babel/plugin-transform-export-namespace-from': [ '7.27.1' ],
174 silly audit   '@babel/plugin-transform-for-of': [ '7.27.1' ],
174 silly audit   '@babel/plugin-transform-function-name': [ '7.27.1' ],
174 silly audit   '@babel/plugin-transform-json-strings': [ '7.28.6' ],
174 silly audit   '@babel/plugin-transform-literals': [ '7.27.1' ],
174 silly audit   '@babel/plugin-transform-logical-assignment-operators': [ '7.28.6' ],
174 silly audit   '@babel/plugin-transform-member-expression-literals': [ '7.27.1' ],
174 silly audit   '@babel/plugin-transform-modules-amd': [ '7.27.1' ],
174 silly audit   '@babel/plugin-transform-modules-commonjs': [ '7.28.6' ],
174 silly audit   '@babel/plugin-transform-modules-systemjs': [ '7.29.0' ],
174 silly audit   '@babel/plugin-transform-modules-umd': [ '7.27.1' ],
174 silly audit   '@babel/plugin-transform-named-capturing-groups-regex': [ '7.29.0' ],
174 silly audit   '@babel/plugin-transform-new-target': [ '7.27.1' ],
174 silly audit   '@babel/plugin-transform-nullish-coalescing-operator': [ '7.28.6' ],
174 silly audit   '@babel/plugin-transform-numeric-separator': [ '7.28.6' ],
174 silly audit   '@babel/plugin-transform-object-rest-spread': [ '7.28.6' ],
174 silly audit   '@babel/plugin-transform-object-super': [ '7.27.1' ],
174 silly audit   '@babel/plugin-transform-optional-catch-binding': [ '7.28.6' ],
174 silly audit   '@babel/plugin-transform-optional-chaining': [ '7.28.6' ],
174 silly audit   '@babel/plugin-transform-parameters': [ '7.27.7' ],
174 silly audit   '@babel/plugin-transform-private-methods': [ '7.28.6' ],
174 silly audit   '@babel/plugin-transform-private-property-in-object': [ '7.28.6' ],
174 silly audit   '@babel/plugin-transform-property-literals': [ '7.27.1' ],
174 silly audit   '@babel/plugin-transform-regenerator': [ '7.29.0' ],
174 silly audit   '@babel/plugin-transform-regexp-modifiers': [ '7.28.6' ],
174 silly audit   '@babel/plugin-transform-reserved-words': [ '7.27.1' ],
174 silly audit   '@babel/plugin-transform-runtime': [ '7.29.0' ],
174 silly audit   '@babel/plugin-transform-shorthand-properties': [ '7.27.1' ],
174 silly audit   '@babel/plugin-transform-spread': [ '7.28.6' ],
174 silly audit   '@babel/plugin-transform-sticky-regex': [ '7.27.1' ],
174 silly audit   '@babel/plugin-transform-template-literals': [ '7.27.1' ],
174 silly audit   '@babel/plugin-transform-typeof-symbol': [ '7.27.1' ],
174 silly audit   '@babel/plugin-transform-unicode-escapes': [ '7.27.1' ],
174 silly audit   '@babel/plugin-transform-unicode-property-regex': [ '7.28.6' ],
174 silly audit   '@babel/plugin-transform-unicode-regex': [ '7.27.1' ],
174 silly audit   '@babel/plugin-transform-unicode-sets-regex': [ '7.28.6' ],
174 silly audit   '@babel/preset-env': [ '7.29.2' ],
174 silly audit   'babel-plugin-polyfill-corejs3': [ '0.14.2', '0.13.0' ],
174 silly audit   '@babel/preset-modules': [ '0.1.6-no-external-plugins' ],
174 silly audit   '@babel/runtime': [ '7.29.2' ],
174 silly audit   '@babel/template': [ '7.28.6' ],
174 silly audit   '@babel/traverse': [ '7.29.0' ],
174 silly audit   '@babel/types': [ '7.29.0' ],
174 silly audit   '@discoveryjs/json-ext': [ '0.5.7' ],
174 silly audit   '@eslint/eslintrc': [ '0.4.3' ],
174 silly audit   ignore: [ '4.0.6', '5.3.2' ],
174 silly audit   '@hapi/hoek': [ '9.3.0' ],
174 silly audit   '@hapi/topo': [ '5.1.0' ],
174 silly audit   '@humanwhocodes/config-array': [ '0.5.0' ],
174 silly audit   '@humanwhocodes/object-schema': [ '1.2.1' ],
174 silly audit   '@jridgewell/gen-mapping': [ '0.3.13' ],
174 silly audit   '@jridgewell/remapping': [ '2.3.5' ],
174 silly audit   '@jridgewell/resolve-uri': [ '3.1.2' ],
174 silly audit   '@jridgewell/source-map': [ '0.3.11' ],
174 silly audit   '@jridgewell/sourcemap-codec': [ '1.5.5' ],
174 silly audit   '@jridgewell/trace-mapping': [ '0.3.31' ],
174 silly audit   '@leichtgewicht/ip-codec': [ '2.0.5' ],
174 silly audit   '@nicolo-ribaudo/eslint-scope-5-internals': [ '5.1.1-v1' ],
174 silly audit   '@node-ipc/js-queue': [ '2.0.3' ],
174 silly audit   '@nodelib/fs.scandir': [ '2.1.5' ],
174 silly audit   '@nodelib/fs.stat': [ '2.0.5' ],
174 silly audit   '@nodelib/fs.walk': [ '1.2.8' ],
174 silly audit   '@polka/url': [ '1.0.0-next.29' ],
174 silly audit   '@sideway/address': [ '4.1.5' ],
174 silly audit   '@sideway/formula': [ '3.0.1' ],
174 silly audit   '@sideway/pinpoint': [ '2.0.0' ],
174 silly audit   '@soda/friendly-errors-webpack-plugin': [ '1.8.1' ],
174 silly audit   '@soda/get-current-script': [ '1.0.2' ],
174 silly audit   '@types/body-parser': [ '1.19.6' ],
174 silly audit   '@types/bonjour': [ '3.5.13' ],
174 silly audit   '@types/connect': [ '3.4.38' ],
174 silly audit   '@types/connect-history-api-fallback': [ '1.5.4' ],
174 silly audit   '@types/eslint': [ '8.56.12' ],
174 silly audit   '@types/eslint-scope': [ '3.7.7' ],
174 silly audit   '@types/estree': [ '1.0.8' ],
174 silly audit   '@types/express': [ '4.17.25' ],
174 silly audit   '@types/express-serve-static-core': [ '5.1.1', '4.19.8' ],
174 silly audit   '@types/html-minifier-terser': [ '6.1.0' ],
174 silly audit   '@types/http-errors': [ '2.0.5' ],
174 silly audit   '@types/http-proxy': [ '1.17.17' ],
174 silly audit   '@types/json-schema': [ '7.0.15' ],
174 silly audit   '@types/mime': [ '1.3.5' ],
174 silly audit   '@types/minimist': [ '1.2.5' ],
174 silly audit   '@types/node': [ '25.5.0' ],
174 silly audit   '@types/node-forge': [ '1.3.14' ],
174 silly audit   '@types/normalize-package-data': [ '2.4.4' ],
174 silly audit   '@types/parse-json': [ '4.0.2' ],
174 silly audit   '@types/qs': [ '6.15.0' ],
174 silly audit   '@types/range-parser': [ '1.2.7' ],
174 silly audit   '@types/retry': [ '0.12.0' ],
174 silly audit   '@types/send': [ '1.2.1', '0.17.6' ],
174 silly audit   '@types/serve-index': [ '1.9.4' ],
174 silly audit   '@types/serve-static': [ '1.15.10' ],
174 silly audit   '@types/sockjs': [ '0.3.36' ],
174 silly audit   '@types/ws': [ '8.18.1' ],
174 silly audit   '@vue/babel-helper-vue-jsx-merge-props': [ '1.4.0' ],
174 silly audit   '@vue/babel-helper-vue-transform-on': [ '1.5.0' ],
174 silly audit   '@vue/babel-plugin-jsx': [ '1.5.0' ],
174 silly audit   '@vue/babel-plugin-resolve-type': [ '1.5.0' ],
174 silly audit   '@vue/babel-plugin-transform-vue-jsx': [ '1.4.0' ],
174 silly audit   '@vue/babel-preset-app': [ '5.0.9' ],
174 silly audit   semver: [ '7.7.4', '5.7.2', '6.3.1' ],
174 silly audit   '@vue/babel-preset-jsx': [ '1.4.0' ],
174 silly audit   '@vue/babel-sugar-composition-api-inject-h': [ '1.4.0' ],
174 silly audit   '@vue/babel-sugar-composition-api-render-instance': [ '1.4.0' ],
174 silly audit   '@vue/babel-sugar-functional-vue': [ '1.4.0' ],
174 silly audit   '@vue/babel-sugar-inject-h': [ '1.4.0' ],
174 silly audit   '@vue/babel-sugar-v-model': [ '1.4.0' ],
174 silly audit   '@vue/babel-sugar-v-on': [ '1.4.0' ],
174 silly audit   '@vue/cli-overlay': [ '5.0.9' ],
174 silly audit   '@vue/cli-plugin-babel': [ '5.0.9' ],
174 silly audit   '@vue/cli-plugin-eslint': [ '5.0.9' ],
174 silly audit   '@vue/cli-plugin-router': [ '5.0.9' ],
174 silly audit   '@vue/cli-plugin-vuex': [ '5.0.9' ],
174 silly audit   '@vue/cli-service': [ '5.0.9' ],
174 silly audit   '@vue/cli-shared-utils': [ '5.0.9' ],
174 silly audit   'lru-cache': [ '6.0.0', '4.1.5', '5.1.1' ],
174 silly audit   yallist: [ '4.0.0', '2.1.2', '3.1.1' ],
174 silly audit   '@vue/compiler-core': [ '3.5.31' ],
174 silly audit   '@vue/compiler-dom': [ '3.5.31' ],
174 silly audit   '@vue/compiler-sfc': [ '3.5.31' ],
174 silly audit   '@vue/compiler-ssr': [ '3.5.31' ],
174 silly audit   '@vue/component-compiler-utils': [ '3.3.0' ],
174 silly audit   'hash-sum': [ '1.0.2', '2.0.0' ],
174 silly audit   picocolors: [ '0.2.1', '1.1.1' ],
174 silly audit   postcss: [ '7.0.39', '8.5.8' ],
174 silly audit   '@vue/reactivity': [ '3.5.31' ],
174 silly audit   '@vue/runtime-core': [ '3.5.31' ],
174 silly audit   '@vue/runtime-dom': [ '3.5.31' ],
174 silly audit   '@vue/server-renderer': [ '3.5.31' ],
174 silly audit   '@vue/shared': [ '3.5.31' ],
174 silly audit   'vue-loader': [ '15.11.1', '17.4.2' ],
174 silly audit   '@vue/web-component-wrapper': [ '1.3.0' ],
174 silly audit   '@webassemblyjs/ast': [ '1.14.1' ],
174 silly audit   '@webassemblyjs/floating-point-hex-parser': [ '1.13.2' ],
174 silly audit   '@webassemblyjs/helper-api-error': [ '1.13.2' ],
174 silly audit   '@webassemblyjs/helper-buffer': [ '1.14.1' ],
174 silly audit   '@webassemblyjs/helper-numbers': [ '1.13.2' ],
174 silly audit   '@webassemblyjs/helper-wasm-bytecode': [ '1.13.2' ],
174 silly audit   '@webassemblyjs/helper-wasm-section': [ '1.14.1' ],
174 silly audit   '@webassemblyjs/ieee754': [ '1.13.2' ],
174 silly audit   '@webassemblyjs/leb128': [ '1.13.2' ],
174 silly audit   '@webassemblyjs/utf8': [ '1.13.2' ],
174 silly audit   '@webassemblyjs/wasm-edit': [ '1.14.1' ],
174 silly audit   '@webassemblyjs/wasm-gen': [ '1.14.1' ],
174 silly audit   '@webassemblyjs/wasm-opt': [ '1.14.1' ],
174 silly audit   '@webassemblyjs/wasm-parser': [ '1.14.1' ],
174 silly audit   '@webassemblyjs/wast-printer': [ '1.14.1' ],
174 silly audit   '@xtuc/ieee754': [ '1.2.0' ],
174 silly audit   '@xtuc/long': [ '4.2.2' ],
174 silly audit   accepts: [ '1.3.8' ],
174 silly audit   negotiator: [ '0.6.3', '0.6.4' ],
174 silly audit   acorn: [ '8.16.0', '7.4.1' ],
174 silly audit   'acorn-import-phases': [ '1.0.4' ],
174 silly audit   'acorn-jsx': [ '5.3.2' ],
174 silly audit   'acorn-walk': [ '8.3.5' ],
174 silly audit   address: [ '1.2.2' ],
174 silly audit   ajv: [ '6.14.0', '8.18.0' ],
174 silly audit   'ajv-formats': [ '2.1.1' ],
174 silly audit   'json-schema-traverse': [ '1.0.0', '0.4.1' ],
174 silly audit   'ajv-keywords': [ '3.5.2', '5.1.0' ],
174 silly audit   'ansi-colors': [ '4.1.3' ],
174 silly audit   'ansi-escapes': [ '3.2.0' ],
174 silly audit   'ansi-html-community': [ '0.0.8' ],
174 silly audit   'ansi-regex': [ '5.0.1', '3.0.1' ],
174 silly audit   'any-promise': [ '1.3.0' ],
174 silly audit   anymatch: [ '3.1.3' ],
174 silly audit   arch: [ '2.2.0' ],
174 silly audit   argparse: [ '1.0.10' ],
174 silly audit   'array-flatten': [ '1.1.1' ],
174 silly audit   'array-union': [ '2.1.0' ],
174 silly audit   'astral-regex': [ '2.0.0' ],
174 silly audit   async: [ '3.2.6' ],
174 silly audit   'at-least-node': [ '1.0.0' ],
174 silly audit   autoprefixer: [ '10.4.27' ],
174 silly audit   'babel-loader': [ '8.4.1' ],
174 silly audit   'loader-utils': [ '2.0.4', '1.4.2' ],
174 silly audit   'babel-plugin-dynamic-import-node': [ '2.3.3' ],
174 silly audit   'babel-plugin-polyfill-corejs2': [ '0.4.17' ],
174 silly audit   'babel-plugin-polyfill-regenerator': [ '0.6.8' ],
174 silly audit   'balanced-match': [ '1.0.2' ],
174 silly audit   'base64-js': [ '1.5.1' ],
174 silly audit   'baseline-browser-mapping': [ '2.10.10' ],
174 silly audit   batch: [ '0.6.1' ],
174 silly audit   'big.js': [ '5.2.2' ],
174 silly audit   'binary-extensions': [ '2.3.0' ],
174 silly audit   bl: [ '4.1.0' ],
174 silly audit   bluebird: [ '3.7.2' ],
174 silly audit   'body-parser': [ '1.20.4' ],
174 silly audit   debug: [ '2.6.9', '4.4.3', '3.2.7' ],
174 silly audit   ms: [ '2.0.0', '2.1.3' ],
174 silly audit   'bonjour-service': [ '1.3.0' ],
174 silly audit   boolbase: [ '1.0.0' ],
174 silly audit   'brace-expansion': [ '1.1.12' ],
174 silly audit   braces: [ '3.0.3' ],
174 silly audit   browserslist: [ '4.28.1' ],
174 silly audit   buffer: [ '5.7.1' ],
174 silly audit   'buffer-from': [ '1.1.2' ],
174 silly audit   bytes: [ '3.1.2' ],
174 silly audit   'call-bind': [ '1.0.8' ],
174 silly audit   'call-bind-apply-helpers': [ '1.0.2' ],
174 silly audit   'call-bound': [ '1.0.4' ],
174 silly audit   callsites: [ '3.1.0' ],
174 silly audit   'camel-case': [ '4.1.2' ],
174 silly audit   camelcase: [ '5.3.1' ],
174 silly audit   'caniuse-api': [ '3.0.0' ],
174 silly audit   'caniuse-lite': [ '1.0.30001781' ],
174 silly audit   'case-sensitive-paths-webpack-plugin': [ '2.4.0' ],
174 silly audit   chokidar: [ '3.6.0' ],
174 silly audit   'glob-parent': [ '5.1.2', '6.0.2' ],
174 silly audit   'chrome-trace-event': [ '1.0.4' ],
174 silly audit   'ci-info': [ '1.6.0' ],
174 silly audit   'clean-css': [ '5.3.3' ],
174 silly audit   'cli-cursor': [ '3.1.0', '2.1.0' ],
174 silly audit   'cli-highlight': [ '2.1.11' ],
174 silly audit   'cli-spinners': [ '2.9.2' ],
174 silly audit   clipboardy: [ '2.3.0' ],
174 silly audit   cliui: [ '7.0.4' ],
174 silly audit   clone: [ '1.0.4' ],
174 silly audit   'clone-deep': [ '4.0.1' ],
174 silly audit   colord: [ '2.9.3' ],
174 silly audit   colorette: [ '2.0.20' ],
174 silly audit   commander: [ '8.3.0', '7.2.0', '2.20.3' ],
174 silly audit   commondir: [ '1.0.1' ],
174 silly audit   compressible: [ '2.0.18' ],
174 silly audit   compression: [ '1.8.1' ],
174 silly audit   'concat-map': [ '0.0.1' ],
174 silly audit   'connect-history-api-fallback': [ '2.0.0' ],
174 silly audit   consolidate: [ '0.15.1' ],
174 silly audit   'content-disposition': [ '0.5.4' ],
174 silly audit   'content-type': [ '1.0.5' ],
174 silly audit   'convert-source-map': [ '2.0.0' ],
174 silly audit   cookie: [ '0.7.2' ],
174 silly audit   'cookie-signature': [ '1.0.7' ],
174 silly audit   'copy-webpack-plugin': [ '9.1.0' ],
174 silly audit   'schema-utils': [ '3.3.0', '4.3.3', '2.7.1' ],
174 silly audit   'core-js': [ '3.49.0' ],
174 silly audit   'core-js-compat': [ '3.49.0' ],
174 silly audit   'core-util-is': [ '1.0.3' ],
174 silly audit   cosmiconfig: [ '7.1.0' ],
174 silly audit   'cross-spawn': [ '6.0.6', '7.0.6', '5.1.0' ],
174 silly audit   'css-declaration-sorter': [ '6.4.1' ],
174 silly audit   'css-loader': [ '6.11.0' ],
174 silly audit   'css-minimizer-webpack-plugin': [ '3.4.1' ],
174 silly audit   'css-select': [ '4.3.0' ],
174 silly audit   'css-tree': [ '1.1.3' ],
174 silly audit   'css-what': [ '6.2.2' ],
174 silly audit   cssesc: [ '3.0.0' ],
174 silly audit   cssnano: [ '5.1.15' ],
174 silly audit   'cssnano-preset-default': [ '5.2.14' ],
174 silly audit   'cssnano-utils': [ '3.1.0' ],
174 silly audit   csso: [ '4.2.0' ],
174 silly audit   csstype: [ '3.2.3' ],
174 silly audit   debounce: [ '1.2.1' ],
174 silly audit   'deep-is': [ '0.1.4' ],
174 silly audit   deepmerge: [ '1.5.2' ],
174 silly audit   'default-gateway': [ '6.0.3' ],
174 silly audit   execa: [ '5.1.1', '1.0.0', '0.8.0' ],
174 silly audit   'get-stream': [ '6.0.1', '4.1.0', '3.0.0' ],
174 silly audit   'is-stream': [ '2.0.1', '1.1.0' ],
174 silly audit   'npm-run-path': [ '4.0.1', '2.0.2' ],
174 silly audit   'path-key': [ '3.1.1', '2.0.1' ],
174 silly audit   'shebang-command': [ '2.0.0', '1.2.0' ],
174 silly audit   'shebang-regex': [ '3.0.0', '1.0.0' ],
174 silly audit   which: [ '2.0.2', '1.3.1' ],
174 silly audit   defaults: [ '1.0.4' ],
174 silly audit   'define-data-property': [ '1.1.4' ],
174 silly audit   'define-lazy-prop': [ '2.0.0' ],
174 silly audit   'define-properties': [ '1.2.1' ],
174 silly audit   depd: [ '2.0.0', '1.1.2' ],
174 silly audit   destroy: [ '1.2.0' ],
174 silly audit   'detect-node': [ '2.1.0' ],
174 silly audit   'dir-glob': [ '3.0.1' ],
174 silly audit   'dns-packet': [ '5.6.1' ],
174 silly audit   doctrine: [ '3.0.0' ],
174 silly audit   'dom-converter': [ '0.2.0' ],
174 silly audit   'dom-serializer': [ '1.4.1' ],
174 silly audit   entities: [ '2.2.0', '7.0.1' ],
174 silly audit   domelementtype: [ '2.3.0' ],
174 silly audit   domhandler: [ '4.3.1' ],
174 silly audit   domutils: [ '2.8.0' ],
174 silly audit   'dot-case': [ '3.0.4' ],
174 silly audit   dotenv: [ '10.0.0' ],
174 silly audit   'dotenv-expand': [ '5.1.0' ],
174 silly audit   'dunder-proto': [ '1.0.1' ],
174 silly audit   duplexer: [ '0.1.2' ],
174 silly audit   'easy-stack': [ '1.0.1' ],
174 silly audit   'ee-first': [ '1.1.1' ],
174 silly audit   'electron-to-chromium': [ '1.5.325' ],
174 silly audit   'emoji-regex': [ '8.0.0' ],
174 silly audit   'emojis-list': [ '3.0.0' ],
174 silly audit   encodeurl: [ '2.0.0' ],
174 silly audit   'end-of-stream': [ '1.4.5' ],
174 silly audit   'enhanced-resolve': [ '5.20.1' ],
174 silly audit   enquirer: [ '2.4.1' ],
174 silly audit   'error-ex': [ '1.3.4' ],
174 silly audit   'error-stack-parser': [ '2.1.4' ],
174 silly audit   'es-define-property': [ '1.0.1' ],
174 silly audit   'es-errors': [ '1.3.0' ],
174 silly audit   'es-module-lexer': [ '2.0.0' ],
174 silly audit   'es-object-atoms': [ '1.1.1' ],
174 silly audit   escalade: [ '3.2.0' ],
174 silly audit   'escape-html': [ '1.0.3' ],
174 silly audit   'escape-string-regexp': [ '1.0.5', '4.0.0' ],
174 silly audit   eslint: [ '7.32.0' ],
174 silly audit   'eslint-plugin-vue': [ '8.7.1' ],
174 silly audit   'eslint-utils': [ '3.0.0', '2.1.0' ],
174 silly audit   'eslint-scope': [ '5.1.1', '7.2.2' ],
174 silly audit   'eslint-visitor-keys': [ '1.3.0', '2.1.0', '3.4.3' ],
174 silly audit   'eslint-webpack-plugin': [ '3.2.0' ],
174 silly audit   'jest-worker': [ '28.1.3', '27.5.1' ],
174 silly audit   espree: [ '7.3.1', '9.6.1' ],
174 silly audit   esprima: [ '4.0.1' ],
174 silly audit   esquery: [ '1.7.0' ],
174 silly audit   estraverse: [ '5.3.0', '4.3.0' ],
174 silly audit   esrecurse: [ '4.3.0' ],
174 silly audit   'estree-walker': [ '2.0.2' ],
174 silly audit   esutils: [ '2.0.3' ],
174 silly audit   etag: [ '1.8.1' ],
174 silly audit   'event-pubsub': [ '4.3.0' ],
174 silly audit   eventemitter3: [ '4.0.7' ],
174 silly audit   events: [ '3.3.0' ],
174 silly audit   express: [ '4.22.1' ],
174 silly audit   'fast-deep-equal': [ '3.1.3' ],
174 silly audit   'fast-glob': [ '3.3.3' ],
174 silly audit   'fast-json-stable-stringify': [ '2.1.0' ],
174 silly audit   'fast-levenshtein': [ '2.0.6' ],
174 silly audit   'fast-uri': [ '3.1.0' ],
174 silly audit   fastq: [ '1.20.1' ],
174 silly audit   'faye-websocket': [ '0.11.4' ],
174 silly audit   figures: [ '2.0.0' ],
174 silly audit   'file-entry-cache': [ '6.0.1' ],
174 silly audit   'fill-range': [ '7.1.1' ],
174 silly audit   finalhandler: [ '1.3.2' ],
174 silly audit   'find-cache-dir': [ '3.3.2' ],
174 silly audit   'find-up': [ '4.1.0' ],
174 silly audit   flat: [ '5.0.2' ],
174 silly audit   'flat-cache': [ '3.2.0' ],
174 silly audit   flatted: [ '3.4.2' ],
174 silly audit   'follow-redirects': [ '1.15.11' ],
174 silly audit   forwarded: [ '0.2.0' ],
174 silly audit   'fraction.js': [ '5.3.4' ],
174 silly audit   fresh: [ '0.5.2' ],
174 silly audit   'fs-extra': [ '9.1.0' ],
174 silly audit   'fs-monkey': [ '1.1.0' ],
174 silly audit   'fs.realpath': [ '1.0.0' ],
174 silly audit   fsevents: [ '2.3.3' ],
174 silly audit   'function-bind': [ '1.1.2' ],
174 silly audit   'functional-red-black-tree': [ '1.0.1' ],
174 silly audit   gensync: [ '1.0.0-beta.2' ],
174 silly audit   'get-caller-file': [ '2.0.5' ],
174 silly audit   'get-intrinsic': [ '1.3.0' ],
174 silly audit   'get-proto': [ '1.0.1' ],
174 silly audit   glob: [ '7.2.3' ],
174 silly audit   'glob-to-regexp': [ '0.4.1' ],
174 silly audit   globals: [ '13.24.0' ],
174 silly audit   'type-fest': [ '0.20.2', '0.8.1', '0.6.0' ],
174 silly audit   globby: [ '11.1.0' ],
174 silly audit   gopd: [ '1.2.0' ],
174 silly audit   'graceful-fs': [ '4.2.11' ],
174 silly audit   'gzip-size': [ '6.0.0' ],
174 silly audit   'handle-thing': [ '2.0.1' ],
174 silly audit   'has-property-descriptors': [ '1.0.2' ],
174 silly audit   'has-symbols': [ '1.1.0' ],
174 silly audit   hasown: [ '2.0.2' ],
174 silly audit   he: [ '1.2.0' ],
174 silly audit   'highlight.js': [ '10.7.3' ],
174 silly audit   'hosted-git-info': [ '2.8.9' ],
174 silly audit   'hpack.js': [ '2.1.6' ],
174 silly audit   'readable-stream': [ '2.3.8', '3.6.2' ],
174 silly audit   'safe-buffer': [ '5.1.2', '5.2.1' ],
174 silly audit   string_decoder: [ '1.1.1', '1.3.0' ],
174 silly audit   'html-entities': [ '2.6.0' ],
174 silly audit   'html-escaper': [ '2.0.2' ],
174 silly audit   'html-minifier-terser': [ '6.1.0' ],
174 silly audit   'html-tags': [ '2.0.0' ],
174 silly audit   'html-webpack-plugin': [ '5.6.6' ],
174 silly audit   htmlparser2: [ '6.1.0' ],
174 silly audit   'http-deceiver': [ '1.2.7' ],
174 silly audit   'http-errors': [ '2.0.1', '1.8.1' ],
174 silly audit   'http-parser-js': [ '0.5.10' ],
174 silly audit   'http-proxy': [ '1.18.1' ],
174 silly audit   'http-proxy-middleware': [ '2.0.9' ],
174 silly audit   'human-signals': [ '2.1.0' ],
174 silly audit   'iconv-lite': [ '0.4.24' ],
174 silly audit   'icss-utils': [ '5.1.0' ],
174 silly audit   ieee754: [ '1.2.1' ],
174 silly audit   'import-fresh': [ '3.3.1' ],
174 silly audit   imurmurhash: [ '0.1.4' ],
174 silly audit   inflight: [ '1.0.6' ],
174 silly audit   inherits: [ '2.0.4' ],
174 silly audit   'ipaddr.js': [ '2.3.0', '1.9.1' ],
174 silly audit   'is-arrayish': [ '0.2.1' ],
174 silly audit   'is-binary-path': [ '2.1.0' ],
174 silly audit   'is-ci': [ '1.2.1' ],
174 silly audit   'is-core-module': [ '2.16.1' ],
174 silly audit   'is-docker': [ '2.2.1' ],
174 silly audit   'is-extglob': [ '2.1.1' ],
174 silly audit   'is-file-esm': [ '1.0.0' ],
174 silly audit   'is-fullwidth-code-point': [ '3.0.0', '2.0.0' ],
174 silly audit   'is-glob': [ '4.0.3' ],
174 silly audit   'is-interactive': [ '1.0.0' ],
174 silly audit   'is-number': [ '7.0.0' ],
174 silly audit   'is-plain-obj': [ '3.0.0' ],
174 silly audit   'is-plain-object': [ '2.0.4' ],
174 silly audit   'is-unicode-supported': [ '0.1.0' ],
174 silly audit   'is-wsl': [ '2.2.0' ],
174 silly audit   isarray: [ '1.0.0' ],
174 silly audit   isexe: [ '2.0.0' ],
174 silly audit   isobject: [ '3.0.1' ],
174 silly audit   'javascript-stringify': [ '2.1.0' ],
174 silly audit   joi: [ '17.13.3' ],
174 silly audit   'js-message': [ '1.0.7' ],
174 silly audit   'js-tokens': [ '4.0.0' ],
174 silly audit   'js-yaml': [ '3.14.2' ],
174 silly audit   jsesc: [ '3.1.0' ],
174 silly audit   'json-buffer': [ '3.0.1' ],
174 silly audit   'json-parse-better-errors': [ '1.0.2' ],
174 silly audit   'json-parse-even-better-errors': [ '2.3.1' ],
174 silly audit   'json-stable-stringify-without-jsonify': [ '1.0.1' ],
174 silly audit   json5: [ '2.2.3', '1.0.2' ],
174 silly audit   jsonfile: [ '6.2.0' ],
174 silly audit   keyv: [ '4.5.4' ],
174 silly audit   'kind-of': [ '6.0.3' ],
174 silly audit   klona: [ '2.0.6' ],
174 silly audit   'launch-editor': [ '2.13.2' ],
174 silly audit   'launch-editor-middleware': [ '2.13.2' ],
174 silly audit   levn: [ '0.4.1' ],
174 silly audit   lilconfig: [ '2.1.0' ],
174 silly audit   'lines-and-columns': [ '1.2.4' ],
174 silly audit   'loader-runner': [ '4.3.1' ],
174 silly audit   'locate-path': [ '5.0.0' ],
174 silly audit   lodash: [ '4.17.23' ],
174 silly audit   'lodash.debounce': [ '4.0.8' ],
174 silly audit   'lodash.defaultsdeep': [ '4.6.1' ],
174 silly audit   'lodash.kebabcase': [ '4.1.1' ],
174 silly audit   'lodash.mapvalues': [ '4.6.0' ],
174 silly audit   'lodash.memoize': [ '4.1.2' ],
174 silly audit   'lodash.merge': [ '4.6.2' ],
174 silly audit   'lodash.truncate': [ '4.4.2' ],
174 silly audit   'lodash.uniq': [ '4.5.0' ],
174 silly audit   'log-symbols': [ '4.1.0' ],
174 silly audit   'log-update': [ '2.3.0' ],
174 silly audit   'mimic-fn': [ '1.2.0', '2.1.0' ],
174 silly audit   onetime: [ '2.0.1', '5.1.2' ],
174 silly audit   'restore-cursor': [ '2.0.0', '3.1.0' ],
174 silly audit   'string-width': [ '2.1.1', '4.2.3' ],
174 silly audit   'strip-ansi': [ '4.0.0', '6.0.1' ],
174 silly audit   'wrap-ansi': [ '3.0.1', '7.0.0' ],
174 silly audit   'lower-case': [ '2.0.2' ],
174 silly audit   'magic-string': [ '0.30.21' ],
174 silly audit   'make-dir': [ '3.1.0' ],
174 silly audit   'math-intrinsics': [ '1.1.0' ],
174 silly audit   'mdn-data': [ '2.0.14' ],
174 silly audit   'media-typer': [ '0.3.0' ],
174 silly audit   memfs: [ '3.5.3' ],
174 silly audit   'merge-descriptors': [ '1.0.3' ],
174 silly audit   'merge-source-map': [ '1.1.0' ],
174 silly audit   'merge-stream': [ '2.0.0' ],
174 silly audit   merge2: [ '1.4.1' ],
174 silly audit   methods: [ '1.1.2' ],
174 silly audit   micromatch: [ '4.0.8' ],
174 silly audit   mime: [ '1.6.0' ],
174 silly audit   'mime-db': [ '1.52.0' ],
174 silly audit   'mime-types': [ '2.1.35' ],
174 silly audit   'mini-css-extract-plugin': [ '2.10.1' ],
174 silly audit   'minimalistic-assert': [ '1.0.1' ],
174 silly audit   minimatch: [ '3.1.5' ],
174 silly audit   minimist: [ '1.2.8' ],
174 silly audit   minipass: [ '3.3.6' ],
174 silly audit   'module-alias': [ '2.3.4' ],
174 silly audit   mrmime: [ '2.0.1' ],
174 silly audit   'multicast-dns': [ '7.2.5' ],
174 silly audit   mz: [ '2.7.0' ],
174 silly audit   nanoid: [ '3.3.11' ],
174 silly audit   'natural-compare': [ '1.4.0' ],
174 silly audit   'neo-async': [ '2.6.2' ],
174 silly audit   'nice-try': [ '1.0.5' ],
174 silly audit   'no-case': [ '3.0.4' ],
174 silly audit   'node-fetch': [ '2.7.0' ],
174 silly audit   'node-forge': [ '1.4.0' ],
174 silly audit   'node-releases': [ '2.0.36' ],
174 silly audit   'normalize-package-data': [ '2.5.0' ],
174 silly audit   'normalize-path': [ '3.0.0', '1.0.0' ],
174 silly audit   'normalize-url': [ '6.1.0' ],
174 silly audit   'nth-check': [ '2.1.1' ],
174 silly audit   'object-assign': [ '4.1.1' ],
174 silly audit   'object-inspect': [ '1.13.4' ],
174 silly audit   'object-keys': [ '1.1.1' ],
174 silly audit   'object.assign': [ '4.1.7' ],
174 silly audit   obuf: [ '1.1.2' ],
174 silly audit   'on-finished': [ '2.4.1' ],
174 silly audit   'on-headers': [ '1.1.0' ],
174 silly audit   once: [ '1.4.0' ],
174 silly audit   open: [ '8.4.2' ],
174 silly audit   opener: [ '1.5.2' ],
174 silly audit   optionator: [ '0.9.4' ],
174 silly audit   ora: [ '5.4.1' ],
174 silly audit   'p-finally': [ '1.0.0' ],
174 silly audit   'p-limit': [ '2.3.0' ],
174 silly audit   'p-locate': [ '4.1.0' ],
174 silly audit   'p-retry': [ '4.6.2' ],
174 silly audit   'p-try': [ '2.2.0' ],
174 silly audit   'param-case': [ '3.0.4' ],
174 silly audit   'parent-module': [ '1.0.1' ],
174 silly audit   'parse-json': [ '5.2.0' ],
174 silly audit   parse5: [ '5.1.1', '6.0.1' ],
174 silly audit   'parse5-htmlparser2-tree-adapter': [ '6.0.1' ],
174 silly audit   parseurl: [ '1.3.3' ],
174 silly audit   'pascal-case': [ '3.1.2' ],
174 silly audit   'path-exists': [ '4.0.0' ],
174 silly audit   'path-is-absolute': [ '1.0.1' ],
174 silly audit   'path-parse': [ '1.0.7' ],
174 silly audit   'path-to-regexp': [ '0.1.12' ],
174 silly audit   'path-type': [ '4.0.0' ],
174 silly audit   picomatch: [ '2.3.2' ],
174 silly audit   'pkg-dir': [ '4.2.0' ],
174 silly audit   portfinder: [ '1.0.38' ],
174 silly audit   'postcss-calc': [ '8.2.4' ],
174 silly audit   'postcss-colormin': [ '5.3.1' ],
174 silly audit   'postcss-convert-values': [ '5.1.3' ],
174 silly audit   'postcss-discard-comments': [ '5.1.2' ],
174 silly audit   'postcss-discard-duplicates': [ '5.1.0' ],
174 silly audit   'postcss-discard-empty': [ '5.1.1' ],
174 silly audit   'postcss-discard-overridden': [ '5.1.0' ],
174 silly audit   'postcss-loader': [ '6.2.1' ],
174 silly audit   'postcss-merge-longhand': [ '5.1.7' ],
174 silly audit   'postcss-merge-rules': [ '5.1.4' ],
174 silly audit   'postcss-minify-font-values': [ '5.1.0' ],
174 silly audit   'postcss-minify-gradients': [ '5.1.1' ],
174 silly audit   'postcss-minify-params': [ '5.1.4' ],
174 silly audit   'postcss-minify-selectors': [ '5.2.1' ],
174 silly audit   'postcss-modules-extract-imports': [ '3.1.0' ],
174 silly audit   'postcss-modules-local-by-default': [ '4.2.0' ],
174 silly audit   'postcss-selector-parser': [ '7.1.1', '6.1.2' ],
174 silly audit   'postcss-modules-scope': [ '3.2.1' ],
174 silly audit   'postcss-modules-values': [ '4.0.0' ],
174 silly audit   'postcss-normalize-charset': [ '5.1.0' ],
174 silly audit   'postcss-normalize-display-values': [ '5.1.0' ],
174 silly audit   'postcss-normalize-positions': [ '5.1.1' ],
174 silly audit   'postcss-normalize-repeat-style': [ '5.1.1' ],
174 silly audit   'postcss-normalize-string': [ '5.1.0' ],
174 silly audit   'postcss-normalize-timing-functions': [ '5.1.0' ],
174 silly audit   'postcss-normalize-unicode': [ '5.1.1' ],
174 silly audit   'postcss-normalize-url': [ '5.1.0' ],
174 silly audit   'postcss-normalize-whitespace': [ '5.1.1' ],
174 silly audit   'postcss-ordered-values': [ '5.1.3' ],
174 silly audit   'postcss-reduce-initial': [ '5.1.2' ],
174 silly audit   'postcss-reduce-transforms': [ '5.1.0' ],
174 silly audit   'postcss-svgo': [ '5.1.0' ],
174 silly audit   'postcss-unique-selectors': [ '5.1.1' ],
174 silly audit   'postcss-value-parser': [ '4.2.0' ],
174 silly audit   'prelude-ls': [ '1.2.1' ],
174 silly audit   prettier: [ '2.8.8' ],
174 silly audit   'pretty-error': [ '4.0.0' ],
174 silly audit   'process-nextick-args': [ '2.0.1' ],
174 silly audit   progress: [ '2.0.3' ],
174 silly audit   'progress-webpack-plugin': [ '1.0.16' ],
174 silly audit   'proxy-addr': [ '2.0.7' ],
174 silly audit   pseudomap: [ '1.0.2' ],
174 silly audit   pump: [ '3.0.4' ],
174 silly audit   punycode: [ '2.3.1' ],
174 silly audit   qs: [ '6.14.2' ],
174 silly audit   'queue-microtask': [ '1.2.3' ],
174 silly audit   randombytes: [ '2.1.0' ],
174 silly audit   'range-parser': [ '1.2.1' ],
174 silly audit   'raw-body': [ '2.5.3' ],
174 silly audit   'read-pkg': [ '5.2.0' ],
174 silly audit   'read-pkg-up': [ '7.0.1' ],
174 silly audit   readdirp: [ '3.6.0' ],
174 silly audit   regenerate: [ '1.4.2' ],
174 silly audit   'regenerate-unicode-properties': [ '10.2.2' ],
174 silly audit   regexpp: [ '3.2.0' ],
174 silly audit   'regexpu-core': [ '6.4.0' ],
174 silly audit   regjsgen: [ '0.8.0' ],
174 silly audit   regjsparser: [ '0.13.0' ],
174 silly audit   relateurl: [ '0.2.7' ],
174 silly audit   renderkid: [ '3.0.0' ],
174 silly audit   'require-directory': [ '2.1.1' ],
174 silly audit   'require-from-string': [ '2.0.2' ],
174 silly audit   'requires-port': [ '1.0.0' ],
174 silly audit   resolve: [ '1.22.11' ],
174 silly audit   'resolve-from': [ '4.0.0' ],
174 silly audit   retry: [ '0.13.1' ],
174 silly audit   reusify: [ '1.1.0' ],
174 silly audit   rimraf: [ '3.0.2' ],
174 silly audit   'run-parallel': [ '1.2.0' ],
174 silly audit   'safer-buffer': [ '2.1.2' ],
174 silly audit   sax: [ '1.6.0' ],
174 silly audit   'select-hose': [ '2.0.0' ],
174 silly audit   selfsigned: [ '2.4.1' ],
174 silly audit   send: [ '0.19.2' ],
174 silly audit   'serialize-javascript': [ '6.0.2' ],
174 silly audit   'serve-index': [ '1.9.2' ],
174 silly audit   statuses: [ '1.5.0', '2.0.2' ],
174 silly audit   'serve-static': [ '1.16.3' ],
174 silly audit   'set-function-length': [ '1.2.2' ],
174 silly audit   setprototypeof: [ '1.2.0' ],
174 silly audit   'shallow-clone': [ '3.0.1' ],
174 silly audit   'shell-quote': [ '1.8.3' ],
174 silly audit   'side-channel': [ '1.1.0' ],
174 silly audit   'side-channel-list': [ '1.0.0' ],
174 silly audit   'side-channel-map': [ '1.0.1' ],
174 silly audit   'side-channel-weakmap': [ '1.0.2' ],
174 silly audit   'signal-exit': [ '3.0.7' ],
174 silly audit   sirv: [ '2.0.4' ],
174 silly audit   slash: [ '3.0.0' ],
174 silly audit   'slice-ansi': [ '4.0.0' ],
174 silly audit   sockjs: [ '0.3.24' ],
174 silly audit   'source-map': [ '0.6.1' ],
174 silly audit   'source-map-js': [ '1.2.1' ],
174 silly audit   'source-map-support': [ '0.5.21' ],
174 silly audit   'spdx-correct': [ '3.2.0' ],
174 silly audit   'spdx-exceptions': [ '2.5.0' ],
174 silly audit   'spdx-expression-parse': [ '3.0.1' ],
174 silly audit   'spdx-license-ids': [ '3.0.23' ],
174 silly audit   spdy: [ '4.0.2' ],
174 silly audit   'spdy-transport': [ '3.0.0' ],
174 silly audit   'sprintf-js': [ '1.0.3' ],
174 silly audit   ssri: [ '8.0.1' ],
174 silly audit   stable: [ '0.1.8' ],
174 silly audit   stackframe: [ '1.3.4' ],
174 silly audit   'strip-eof': [ '1.0.0' ],
174 silly audit   'strip-final-newline': [ '2.0.0' ],
174 silly audit   'strip-indent': [ '2.0.0' ],
174 silly audit   'strip-json-comments': [ '3.1.1' ],
174 silly audit   stylehacks: [ '5.1.1' ],
174 silly audit   'supports-preserve-symlinks-flag': [ '1.0.0' ],
174 silly audit   'svg-tags': [ '1.0.0' ],
174 silly audit   svgo: [ '2.8.2' ],
174 silly audit   table: [ '6.9.0' ],
174 silly audit   tapable: [ '2.3.2' ],
174 silly audit   terser: [ '5.46.1' ],
174 silly audit   'terser-webpack-plugin': [ '5.4.0' ],
174 silly audit   'text-table': [ '0.2.0' ],
174 silly audit   thenify: [ '3.3.1' ],
174 silly audit   'thenify-all': [ '1.6.0' ],
174 silly audit   'thread-loader': [ '3.0.4' ],
174 silly audit   thunky: [ '1.1.0' ],
174 silly audit   'to-regex-range': [ '5.0.1' ],
174 silly audit   toidentifier: [ '1.0.1' ],
174 silly audit   totalist: [ '3.0.1' ],
174 silly audit   tr46: [ '0.0.3' ],
174 silly audit   tslib: [ '2.8.1' ],
174 silly audit   'type-check': [ '0.4.0' ],
174 silly audit   'type-is': [ '1.6.18' ],
174 silly audit   'undici-types': [ '7.18.2' ],
174 silly audit   'unicode-canonical-property-names-ecmascript': [ '2.0.1' ],
174 silly audit   'unicode-match-property-ecmascript': [ '2.0.0' ],
174 silly audit   'unicode-match-property-value-ecmascript': [ '2.2.1' ],
174 silly audit   'unicode-property-aliases-ecmascript': [ '2.2.0' ],
174 silly audit   universalify: [ '2.0.1' ],
174 silly audit   unpipe: [ '1.0.0' ],
174 silly audit   'update-browserslist-db': [ '1.2.3' ],
174 silly audit   'uri-js': [ '4.4.1' ],
174 silly audit   'util-deprecate': [ '1.0.2' ],
174 silly audit   utila: [ '0.4.0' ],
174 silly audit   'utils-merge': [ '1.0.1' ],
174 silly audit   uuid: [ '8.3.2' ],
174 silly audit   'v8-compile-cache': [ '2.4.0' ],
174 silly audit   'validate-npm-package-license': [ '3.0.4' ],
174 silly audit   vary: [ '1.1.2' ],
174 silly audit   vue: [ '3.5.31' ],
174 silly audit   'vue-eslint-parser': [ '8.3.0' ],
174 silly audit   'vue-hot-reload-api': [ '2.3.4' ],
174 silly audit   'vue-style-loader': [ '4.1.3' ],
174 silly audit   'vue-template-es2015-compiler': [ '1.9.1' ],
174 silly audit   watchpack: [ '2.5.1' ],
174 silly audit   wbuf: [ '1.7.3' ],
174 silly audit   wcwidth: [ '1.0.1' ],
174 silly audit   'webidl-conversions': [ '3.0.1' ],
174 silly audit   webpack: [ '5.105.4' ],
174 silly audit   'webpack-bundle-analyzer': [ '4.10.2' ],
174 silly audit   'webpack-chain': [ '6.5.1' ],
174 silly audit   'webpack-dev-middleware': [ '5.3.4' ],
174 silly audit   'webpack-dev-server': [ '4.15.2' ],
174 silly audit   ws: [ '8.20.0', '7.5.10' ],
174 silly audit   'webpack-merge': [ '5.10.0' ],
174 silly audit   'webpack-sources': [ '3.3.4' ],
174 silly audit   'webpack-virtual-modules': [ '0.4.6' ],
174 silly audit   'websocket-driver': [ '0.7.4' ],
174 silly audit   'websocket-extensions': [ '0.1.4' ],
174 silly audit   'whatwg-fetch': [ '3.6.20' ],
174 silly audit   'whatwg-url': [ '5.0.0' ],
174 silly audit   wildcard: [ '2.0.1' ],
174 silly audit   'word-wrap': [ '1.2.5' ],
174 silly audit   wrappy: [ '1.0.2' ],
174 silly audit   y18n: [ '5.0.8' ],
174 silly audit   yaml: [ '1.10.3' ],
174 silly audit   yargs: [ '16.2.0' ],
174 silly audit   'yargs-parser': [ '20.2.9' ],
174 silly audit   yorkie: [ '2.0.0' ],
174 silly audit   '@stomp/stompjs': [ '7.3.0' ],
174 silly audit   axios: [ '1.13.6' ],
174 silly audit   pinia: [ '3.0.4' ],
174 silly audit   'sockjs-client': [ '1.6.1' ],
174 silly audit   'vue-router': [ '4.6.4' ],
174 silly audit   'form-data': [ '4.0.5' ],
174 silly audit   'proxy-from-env': [ '1.1.0' ],
174 silly audit   asynckit: [ '0.4.0' ],
174 silly audit   'combined-stream': [ '1.0.8' ],
174 silly audit   'es-set-tostringtag': [ '2.1.0' ],
174 silly audit   'delayed-stream': [ '1.0.0' ],
174 silly audit   'has-tostringtag': [ '1.0.2' ],
174 silly audit   '@vue/devtools-api': [ '7.7.9', '6.6.4' ],
174 silly audit   '@vue/devtools-kit': [ '7.7.9' ],
174 silly audit   '@vue/devtools-shared': [ '7.7.9' ],
174 silly audit   birpc: [ '2.9.0' ],
174 silly audit   hookable: [ '5.5.3' ],
174 silly audit   mitt: [ '3.0.1' ],
174 silly audit   'perfect-debounce': [ '1.0.0' ],
174 silly audit   speakingurl: [ '14.0.1' ],
174 silly audit   superjson: [ '2.2.6' ],
174 silly audit   rfdc: [ '1.4.1' ],
174 silly audit   eventsource: [ '2.0.2' ],
174 silly audit   'url-parse': [ '1.5.10' ],
174 silly audit   'copy-anything': [ '4.0.5' ],
174 silly audit   'is-what': [ '5.5.0' ],
174 silly audit   querystringify: [ '2.2.0' ]
174 silly audit }
175 verbose reify failed optional dependency D:\study\毕设\val2\together\fronted\node_modules\fsevents
176 silly reify mark deleted [ 'D:\\study\\毕设\\val2\\together\\fronted\\node_modules\\fsevents' ]
177 http fetch POST 404 https://registry.npmmirror.com/-/npm/v1/security/advisories/bulk 43ms
178 silly audit bulk request failed [object Object]
179 silly tarball no local data for is-what@https://registry.npmmirror.com/is-what/-/is-what-5.5.0.tgz. Extracting by manifest.
180 silly tarball no local data for copy-anything@https://registry.npmmirror.com/copy-anything/-/copy-anything-4.0.5.tgz. Extracting by manifest.
181 silly tarball no local data for querystringify@https://registry.npmmirror.com/querystringify/-/querystringify-2.2.0.tgz. Extracting by manifest.
182 silly tarball no local data for url-parse@https://registry.npmmirror.com/url-parse/-/url-parse-1.5.10.tgz. Extracting by manifest.
183 silly tarball no local data for rfdc@https://registry.npmmirror.com/rfdc/-/rfdc-1.4.1.tgz. Extracting by manifest.
184 silly tarball no local data for eventsource@https://registry.npmmirror.com/eventsource/-/eventsource-2.0.2.tgz. Extracting by manifest.
185 silly tarball no local data for superjson@https://registry.npmmirror.com/superjson/-/superjson-2.2.6.tgz. Extracting by manifest.
186 silly tarball no local data for @vue/devtools-shared@https://registry.npmmirror.com/@vue/devtools-shared/-/devtools-shared-7.7.9.tgz. Extracting by manifest.
187 silly tarball no local data for speakingurl@https://registry.npmmirror.com/speakingurl/-/speakingurl-14.0.1.tgz. Extracting by manifest.
188 silly tarball no local data for @vue/devtools-api@https://registry.npmmirror.com/@vue/devtools-api/-/devtools-api-7.7.9.tgz. Extracting by manifest.
189 silly tarball no local data for mitt@https://registry.npmmirror.com/mitt/-/mitt-3.0.1.tgz. Extracting by manifest.
190 silly tarball no local data for @vue/devtools-kit@https://registry.npmmirror.com/@vue/devtools-kit/-/devtools-kit-7.7.9.tgz. Extracting by manifest.
191 silly tarball no local data for perfect-debounce@https://registry.npmmirror.com/perfect-debounce/-/perfect-debounce-1.0.0.tgz. Extracting by manifest.
192 silly tarball no local data for has-tostringtag@https://registry.npmmirror.com/has-tostringtag/-/has-tostringtag-1.0.2.tgz. Extracting by manifest.
193 silly tarball no local data for hookable@https://registry.npmmirror.com/hookable/-/hookable-5.5.3.tgz. Extracting by manifest.
194 silly tarball no local data for delayed-stream@https://registry.npmmirror.com/delayed-stream/-/delayed-stream-1.0.0.tgz. Extracting by manifest.
195 silly tarball no local data for es-set-tostringtag@https://registry.npmmirror.com/es-set-tostringtag/-/es-set-tostringtag-2.1.0.tgz. Extracting by manifest.
196 silly tarball no local data for combined-stream@https://registry.npmmirror.com/combined-stream/-/combined-stream-1.0.8.tgz. Extracting by manifest.
197 silly tarball no local data for proxy-from-env@https://registry.npmmirror.com/proxy-from-env/-/proxy-from-env-1.1.0.tgz. Extracting by manifest.
198 silly tarball no local data for birpc@https://registry.npmmirror.com/birpc/-/birpc-2.9.0.tgz. Extracting by manifest.
199 silly tarball no local data for asynckit@https://registry.npmmirror.com/asynckit/-/asynckit-0.4.0.tgz. Extracting by manifest.
200 silly tarball no local data for vue-router@https://registry.npmmirror.com/vue-router/-/vue-router-4.6.4.tgz. Extracting by manifest.
201 silly tarball no local data for sockjs-client@https://registry.npmmirror.com/sockjs-client/-/sockjs-client-1.6.1.tgz. Extracting by manifest.
202 silly tarball no local data for pinia@https://registry.npmmirror.com/pinia/-/pinia-3.0.4.tgz. Extracting by manifest.
203 silly tarball no local data for form-data@https://registry.npmmirror.com/form-data/-/form-data-4.0.5.tgz. Extracting by manifest.
204 silly tarball no local data for axios@https://registry.npmmirror.com/axios/-/axios-1.13.6.tgz. Extracting by manifest.
205 silly tarball no local data for debug@https://registry.npmmirror.com/debug/-/debug-3.2.7.tgz. Extracting by manifest.
206 silly tarball no local data for @stomp/stompjs@https://registry.npmmirror.com/@stomp/stompjs/-/stompjs-7.3.0.tgz. Extracting by manifest.
207 silly tarball no local data for @vue/devtools-api@https://registry.npmmirror.com/@vue/devtools-api/-/devtools-api-6.6.4.tgz. Extracting by manifest.
208 http fetch POST 404 https://registry.npmmirror.com/-/npm/v1/security/audits/quick 49ms
209 verbose audit error HttpErrorGeneral: 404 Not Found - POST https://registry.npmmirror.com/-/npm/v1/security/audits/quick - [NOT_IMPLEMENTED] /-/npm/v1/security/* not implemented yet
209 verbose audit error     at D:\study\ʵѵ\nvm\v20.19.0\node_modules\npm\node_modules\npm-registry-fetch\lib\check-response.js:95:15
209 verbose audit error     at process.processTicksAndRejections (node:internal/process/task_queues:95:5)
209 verbose audit error     at async [getReport] (D:\study\ʵѵ\nvm\v20.19.0\node_modules\npm\node_modules\@npmcli\arborist\lib\audit-report.js:336:21)
209 verbose audit error     at async AuditReport.run (D:\study\ʵѵ\nvm\v20.19.0\node_modules\npm\node_modules\@npmcli\arborist\lib\audit-report.js:106:19) {
209 verbose audit error   headers: [Object: null prototype] {
209 verbose audit error     server: [ 'Tengine' ],
209 verbose audit error     date: [ 'Wed, 25 Mar 2026 14:53:24 GMT' ],
209 verbose audit error     'content-type': [ 'application/json' ],
209 verbose audit error     'transfer-encoding': [ 'chunked' ],
209 verbose audit error     connection: [ 'keep-alive' ],
209 verbose audit error     'strict-transport-security': [ 'max-age=5184000' ],
209 verbose audit error     via: [ 'kunlun2.cn399[,404666]' ],
209 verbose audit error     'timing-allow-origin': [ '*' ],
209 verbose audit error     eagleid: [ '6f0c199617744504041594844e' ],
209 verbose audit error     'x-fetch-attempts': [ '1' ]
209 verbose audit error   },
209 verbose audit error   statusCode: 404,
209 verbose audit error   code: 'E404',
209 verbose audit error   method: 'POST',
209 verbose audit error   uri: 'https://registry.npmmirror.com/-/npm/v1/security/audits/quick',
209 verbose audit error   body: {
209 verbose audit error     error: '[NOT_IMPLEMENTED] /-/npm/v1/security/* not implemented yet'
209 verbose audit error   },
209 verbose audit error   pkgid: undefined
209 verbose audit error }
210 silly audit error [object Object]
211 silly audit report null
212 http fetch GET 200 https://cdn.npmmirror.com/packages/has-tostringtag/1.0.2/has-tostringtag-1.0.2.tgz 351ms (cache miss)
213 http fetch GET 200 https://cdn.npmmirror.com/packages/delayed-stream/1.0.0/delayed-stream-1.0.0.tgz 350ms (cache miss)
214 http fetch GET 200 https://cdn.npmmirror.com/packages/rfdc/1.4.1/rfdc-1.4.1.tgz 377ms (cache miss)
215 http fetch GET 200 https://cdn.npmmirror.com/packages/combined-stream/1.0.8/combined-stream-1.0.8.tgz 371ms (cache miss)
216 http fetch GET 200 https://cdn.npmmirror.com/packages/birpc/2.9.0/birpc-2.9.0.tgz 389ms (cache miss)
217 http fetch GET 200 https://cdn.npmmirror.com/packages/asynckit/0.4.0/asynckit-0.4.0.tgz 389ms (cache miss)
218 http fetch GET 200 https://cdn.npmmirror.com/packages/mitt/3.0.1/mitt-3.0.1.tgz 422ms (cache miss)
219 http fetch GET 200 https://cdn.npmmirror.com/packages/%40vue/devtools-api/6.6.4/devtools-api-6.6.4.tgz 467ms (cache miss)
220 http fetch GET 200 https://cdn.npmmirror.com/packages/proxy-from-env/1.1.0/proxy-from-env-1.1.0.tgz 475ms (cache miss)
221 http fetch GET 200 https://cdn.npmmirror.com/packages/form-data/4.0.5/form-data-4.0.5.tgz 475ms (cache miss)
222 http fetch GET 200 https://cdn.npmmirror.com/packages/debug/3.2.7/debug-3.2.7.tgz 480ms (cache miss)
223 http fetch GET 200 https://cdn.npmmirror.com/packages/pinia/3.0.4/pinia-3.0.4.tgz 497ms (cache miss)
224 http fetch GET 200 https://cdn.npmmirror.com/packages/superjson/2.2.6/superjson-2.2.6.tgz 544ms (cache miss)
225 http fetch GET 200 https://cdn.npmmirror.com/packages/vue-router/4.6.4/vue-router-4.6.4.tgz 552ms (cache miss)
226 http fetch GET 200 https://cdn.npmmirror.com/packages/speakingurl/14.0.1/speakingurl-14.0.1.tgz 564ms (cache miss)
227 http fetch GET 200 https://cdn.npmmirror.com/packages/sockjs-client/1.6.1/sockjs-client-1.6.1.tgz 614ms (cache miss)
228 http fetch GET 200 https://cdn.npmmirror.com/packages/%40stomp/stompjs/7.3.0/stompjs-7.3.0.tgz 632ms (cache miss)
229 http fetch GET 200 https://cdn.npmmirror.com/packages/axios/1.13.6/axios-1.13.6.tgz 677ms (cache miss)
230 http fetch GET 200 https://cdn.npmmirror.com/packages/perfect-debounce/1.0.0/perfect-debounce-1.0.0.tgz 742ms (cache miss)
231 http fetch GET 200 https://cdn.npmmirror.com/packages/copy-anything/4.0.5/copy-anything-4.0.5.tgz 750ms (cache miss)
232 http fetch GET 200 https://cdn.npmmirror.com/packages/hookable/5.5.3/hookable-5.5.3.tgz 746ms (cache miss)
233 http fetch GET 200 https://cdn.npmmirror.com/packages/%40vue/devtools-shared/7.7.9/devtools-shared-7.7.9.tgz 752ms (cache miss)
234 http fetch GET 200 https://cdn.npmmirror.com/packages/is-what/5.5.0/is-what-5.5.0.tgz 759ms (cache miss)
235 http fetch GET 200 https://cdn.npmmirror.com/packages/%40vue/devtools-api/7.7.9/devtools-api-7.7.9.tgz 755ms (cache miss)
236 http fetch GET 200 https://cdn.npmmirror.com/packages/url-parse/1.5.10/url-parse-1.5.10.tgz 777ms (cache miss)
237 http fetch GET 200 https://cdn.npmmirror.com/packages/es-set-tostringtag/2.1.0/es-set-tostringtag-2.1.0.tgz 773ms (cache miss)
238 http fetch GET 200 https://cdn.npmmirror.com/packages/querystringify/2.2.0/querystringify-2.2.0.tgz 786ms (cache miss)
239 http fetch GET 200 https://cdn.npmmirror.com/packages/eventsource/2.0.2/eventsource-2.0.2.tgz 801ms (cache miss)
240 http fetch GET 200 https://cdn.npmmirror.com/packages/%40vue/devtools-kit/7.7.9/devtools-kit-7.7.9.tgz 799ms (cache miss)
241 silly ADD node_modules/querystringify
242 silly ADD node_modules/is-what
243 silly ADD node_modules/copy-anything
244 silly ADD node_modules/url-parse
245 silly ADD node_modules/eventsource
246 silly ADD node_modules/rfdc
247 silly ADD node_modules/superjson
248 silly ADD node_modules/speakingurl
249 silly ADD node_modules/perfect-debounce
250 silly ADD node_modules/mitt
251 silly ADD node_modules/hookable
252 silly ADD node_modules/birpc
253 silly ADD node_modules/@vue/devtools-shared
254 silly ADD node_modules/@vue/devtools-kit
255 silly ADD node_modules/@vue/devtools-api
256 silly ADD node_modules/has-tostringtag
257 silly ADD node_modules/delayed-stream
258 silly ADD node_modules/es-set-tostringtag
259 silly ADD node_modules/combined-stream
260 silly ADD node_modules/asynckit
261 silly ADD node_modules/proxy-from-env
262 silly ADD node_modules/form-data
263 silly ADD node_modules/vue-router
264 silly ADD node_modules/vue-router/node_modules/@vue/devtools-api
265 silly ADD node_modules/sockjs-client
266 silly ADD node_modules/sockjs-client/node_modules/debug
267 silly ADD node_modules/pinia
268 silly ADD node_modules/axios
269 silly ADD node_modules/@stomp/stompjs
270 silly ADD
271 verbose cwd D:\study\毕设\val2\together\fronted
272 verbose os Windows_NT 10.0.26200
273 verbose node v20.19.0
274 verbose npm  v10.8.2
275 notice
275 notice New [31mmajor[39m version of npm available! [31m10.8.2[39m -> [34m11.12.0[39m
275 notice Changelog: [34mhttps://github.com/npm/cli/releases/tag/v11.12.0[39m
275 notice To update run: [4mnpm install -g npm@11.12.0[24m
275 notice  { force: true, [Symbol(proc-log.meta)]: true }
276 verbose exit 0
277 info ok
